[dismantle] DISMANTLE_TCB_TRACE="(unset)" → mode=Off
 Paris.[spec/eagle4-chain] K=4 accept=0/4 step=1198.2ms emit=2 tps=1.7


[spec/eagle4-chain] K=4 accept=0/4 step=381.8ms emit=2 tps=5.2
The capital[spec/eagle4-chain] K=4 accept=0/4 step=423.4ms emit=2 tps=4.7
 of France[spec/eagle4-chain] K=4 accept=0/4 step=999.3ms emit=2 tps=2.0
 is Paris[spec/eagle4-chain] K=4 accept=0/4 step=455.0ms emit=2 tps=4.4
.
[spec/eagle4-chain] K=4 accept=0/4 step=414.4ms emit=2 tps=4.8

The capital[spec/eagle4-chain] K=4 accept=1/4 step=401.1ms emit=3 tps=7.5
 of France[spec/eagle4-chain] K=4 accept=0/4 step=506.3ms emit=2 tps=4.0
 is Paris[spec/eagle4-chain] K=4 accept=0/4 step=842.4ms emit=2 tps=2.4
.
[spec/eagle4-chain] K=4 accept=0/4 step=402.0ms emit=2 tps=5.0

The capital[spec/eagle4-chain] K=4 accept=1/4 step=452.7ms emit=3 tps=6.6
 of France[spec/eagle4-chain] K=4 accept=0/4 step=407.5ms emit=2 tps=4.9
 is Paris[spec/eagle4-chain] K=4 accept=0/4 step=428.7ms emit=2 tps=4.7
.
[spec/eagle4-chain] K=4 accept=0/4 step=411.4ms emit=2 tps=4.9

The[spec/eagle4-chain] K=4 accept=0/4 step=392.3ms emit=2 tps=5.1


[stats] reason=max_tokens prompt=5 completion=32 prefill_ms=16563.3 decode_ms=9286.0 dec_tps=3.45 draft_accepted=2 draft_rejected=58 profile=kp-140aa1de8df9d7acb897e7c8
